<?xml version="1.0" encoding="UTF-8"?>
<!-- Generated by org.testng.reporters.JUnitXMLReporter -->
<testsuite ignored="0" hostname="DESKTOP-Q5PKL2R" failures="0" tests="5" name="Default test" time="16.078" errors="0" timestamp="2022-06-08T15:44:16 PDT">
  <testcase classname="com.test.allTests.TekarchApiTestScriptE2E" name="TC_001_validLogin" time="2.439"/>
  <testcase classname="com.test.allTests.TekarchApiTestScriptE2E" name="TC_002_addUserData" time="1.131"/>
  <testcase classname="com.test.allTests.TekarchApiTestScriptE2E" name="TC_003_getUserData" time="11.075"/>
  <testcase classname="com.test.allTests.TekarchApiTestScriptE2E" name="TC_004_updateUserData" time="0.411"/>
  <testcase classname="com.test.allTests.TekarchApiTestScriptE2E" name="TC_005_deleteUserData" time="0.307"/>
</testsuite> <!-- Default test -->
