<?xml version="1.0" encoding="UTF-8"?>
<!-- Generated by org.testng.reporters.JUnitXMLReporter -->
<testsuite ignored="0" hostname="DESKTOP-Q5PKL2R" failures="0" tests="5" name="test1" time="16.721" errors="0" timestamp="2022-06-08T21:00:05 PDT">
  <testcase classname="com.test.allTests.TekarchApiTestScriptE2E" name="TC_001_validLogin" time="3.049"/>
  <testcase classname="com.test.allTests.TekarchApiTestScriptE2E" name="TC_002_addUserData" time="1.084"/>
  <testcase classname="com.test.allTests.TekarchApiTestScriptE2E" name="TC_003_getUserData" time="10.593"/>
  <testcase classname="com.test.allTests.TekarchApiTestScriptE2E" name="TC_004_updateUserData" time="0.502"/>
  <testcase classname="com.test.allTests.TekarchApiTestScriptE2E" name="TC_005_deleteUserData" time="0.422"/>
</testsuite> <!-- test1 -->
