<?xml version="1.0" encoding="UTF-8"?>
<testng-results ignored="0" total="5" passed="5" failed="0" skipped="0">
  <reporter-output>
  </reporter-output>
  <suite started-at="2022-06-08T20:59:49 PDT" name="suite1" finished-at="2022-06-08T21:00:05 PDT" duration-ms="16721">
    <groups>
    </groups>
    <test started-at="2022-06-08T20:59:49 PDT" name="test1" finished-at="2022-06-08T21:00:05 PDT" duration-ms="16721">
      <class name="com.test.allTests.TekarchApiTestScriptE2E">
        <test-method is-config="true" signature="setBaseUri()[pri:0, instance:com.test.allTests.TekarchApiTestScriptE2E@654f0d9c]" started-at="2022-06-08T20:59:49 PDT" name="setBaseUri" finished-at="2022-06-08T20:59:50 PDT" duration-ms="968" status="PASS">
          <reporter-output>
          </reporter-output>
        </test-method> <!-- setBaseUri -->
        <test-method signature="TC_001_validLogin()[pri:1, instance:com.test.allTests.TekarchApiTestScriptE2E@654f0d9c]" started-at="2022-06-08T20:59:50 PDT" name="TC_001_validLogin" finished-at="2022-06-08T20:59:53 PDT" duration-ms="3049" status="PASS">
          <reporter-output>
          </reporter-output>
        </test-method> <!-- TC_001_validLogin -->
        <test-method is-config="true" signature="setBaseUri()[pri:0, instance:com.test.allTests.TekarchApiTestScriptE2E@654f0d9c]" started-at="2022-06-08T20:59:53 PDT" name="setBaseUri" finished-at="2022-06-08T20:59:53 PDT" duration-ms="1" status="PASS">
          <reporter-output>
          </reporter-output>
        </test-method> <!-- setBaseUri -->
        <test-method signature="TC_002_addUserData(java.lang.String,java.lang.String,java.lang.String,java.lang.String)[pri:2, instance:com.test.allTests.TekarchApiTestScriptE2E@654f0d9c]" started-at="2022-06-08T20:59:53 PDT" name="TC_002_addUserData" finished-at="2022-06-08T20:59:54 PDT" duration-ms="1084" status="PASS">
          <params>
            <param index="0">
              <value>
                <![CDATA[TA-233mnPR]]>
              </value>
            </param>
            <param index="1">
              <value>
                <![CDATA[3]]>
              </value>
            </param>
            <param index="2">
              <value>
                <![CDATA[78000]]>
              </value>
            </param>
            <param index="3">
              <value>
                <![CDATA[411009]]>
              </value>
            </param>
          </params>
          <reporter-output>
          </reporter-output>
        </test-method> <!-- TC_002_addUserData -->
        <test-method is-config="true" signature="setBaseUri()[pri:0, instance:com.test.allTests.TekarchApiTestScriptE2E@654f0d9c]" started-at="2022-06-08T20:59:54 PDT" name="setBaseUri" finished-at="2022-06-08T20:59:54 PDT" duration-ms="1" status="PASS">
          <reporter-output>
          </reporter-output>
        </test-method> <!-- setBaseUri -->
        <test-method signature="TC_003_getUserData(java.lang.String)[pri:3, instance:com.test.allTests.TekarchApiTestScriptE2E@654f0d9c]" started-at="2022-06-08T20:59:54 PDT" name="TC_003_getUserData" finished-at="2022-06-08T21:00:04 PDT" duration-ms="10593" status="PASS">
          <params>
            <param index="0">
              <value>
                <![CDATA[TA-233mnPR]]>
              </value>
            </param>
          </params>
          <reporter-output>
          </reporter-output>
        </test-method> <!-- TC_003_getUserData -->
        <test-method is-config="true" signature="setBaseUri()[pri:0, instance:com.test.allTests.TekarchApiTestScriptE2E@654f0d9c]" started-at="2022-06-08T21:00:04 PDT" name="setBaseUri" finished-at="2022-06-08T21:00:04 PDT" duration-ms="1" status="PASS">
          <reporter-output>
          </reporter-output>
        </test-method> <!-- setBaseUri -->
        <test-method signature="TC_004_updateUserData(java.lang.String,java.lang.String,java.lang.String,java.lang.String)[pri:4, instance:com.test.allTests.TekarchApiTestScriptE2E@654f0d9c]" started-at="2022-06-08T21:00:04 PDT" name="TC_004_updateUserData" finished-at="2022-06-08T21:00:05 PDT" duration-ms="502" status="PASS">
          <params>
            <param index="0">
              <value>
                <![CDATA[TA-233mnPR]]>
              </value>
            </param>
            <param index="1">
              <value>
                <![CDATA[7]]>
              </value>
            </param>
            <param index="2">
              <value>
                <![CDATA[85000]]>
              </value>
            </param>
            <param index="3">
              <value>
                <![CDATA[411009]]>
              </value>
            </param>
          </params>
          <reporter-output>
          </reporter-output>
        </test-method> <!-- TC_004_updateUserData -->
        <test-method is-config="true" signature="setBaseUri()[pri:0, instance:com.test.allTests.TekarchApiTestScriptE2E@654f0d9c]" started-at="2022-06-08T21:00:05 PDT" name="setBaseUri" finished-at="2022-06-08T21:00:05 PDT" duration-ms="2" status="PASS">
          <reporter-output>
          </reporter-output>
        </test-method> <!-- setBaseUri -->
        <test-method signature="TC_005_deleteUserData()[pri:5, instance:com.test.allTests.TekarchApiTestScriptE2E@654f0d9c]" started-at="2022-06-08T21:00:05 PDT" name="TC_005_deleteUserData" finished-at="2022-06-08T21:00:05 PDT" duration-ms="422" status="PASS">
          <reporter-output>
          </reporter-output>
        </test-method> <!-- TC_005_deleteUserData -->
      </class> <!-- com.test.allTests.TekarchApiTestScriptE2E -->
    </test> <!-- test1 -->
  </suite> <!-- suite1 -->
</testng-results>
